FORM VALID. Code: 464668
SUCCESSFUL FLUSH FOR USER: dimassimeriem1512@gmail.com
[2026-02-10 22:52:31] RESET REACHED. Method: GET, Email: dimassimeriem1512@gmail.com
[2026-02-10 22:52:55] RESET REACHED. Method: POST, Email: dimassimeriem1512@gmail.com
FORM VALID. Code: 169504
SUCCESSFUL FLUSH FOR USER: dimassimeriem1512@gmail.com
[2026-02-10 23:01:01] REQUEST RESET for: dimassimeriem1512@gmail.com
[2026-02-10 23:01:03] RESET REACHED. Method: GET, Email: dimassimeriem1512@gmail.com
[2026-02-10 23:01:25] RESET REACHED. Method: POST, Email: dimassimeriem1512@gmail.com
FORM VALID. Code: 137645
SUCCESSFUL FLUSH FOR USER: dimassimeriem1512@gmail.com
[2026-02-11 15:28:01] REQUEST RESET for: dimassimeriem1512@gmail.com
[2026-02-11 15:28:06] RESET REACHED. Method: GET, Email: dimassimeriem1512@gmail.com
[2026-02-11 15:28:31] RESET REACHED. Method: POST, Email: dimassimeriem1512@gmail.com
FORM VALID. Code: 348492
SUCCESSFUL FLUSH FOR USER: dimassimeriem1512@gmail.com
[2026-02-11 15:52:17] REQUEST RESET for: dimassimeriem1512@gmail.com
[2026-02-11 15:52:20] RESET REACHED. Method: GET, Email: dimassimeriem1512@gmail.com
[2026-02-11 15:52:50] RESET REACHED. Method: POST, Email: dimassimeriem1512@gmail.com
[2026-02-11 15:52:50] FORM VALID. Code: 164094, Email: dimassimeriem1512@gmail.com
[2026-02-11 15:52:51] SUCCESSFUL RESET for: dimassimeriem1512@gmail.com
[2026-02-11 16:00:58] REQUEST RESET for: dimassimeriem1512@gmail.com
[2026-02-11 16:01:01] RESET REACHED. Method: GET, Email: dimassimeriem1512@gmail.com
[2026-02-11 16:01:28] RESET REACHED. Method: POST, Email: dimassimeriem1512@gmail.com
[2026-02-11 16:01:28] FORM VALID. Code: 218772, Email: dimassimeriem1512@gmail.com
[2026-02-11 16:03:25] RESET REACHED. Method: POST, Email: dimassimeriem1512@gmail.com
[2026-02-11 16:03:35] RESET REACHED. Method: GET, Email: dimassimeriem1512@gmail.com
[2026-02-11 16:03:46] REQUEST RESET for: dimassimeriem1512@gmail.com
[2026-02-11 16:03:49] RESET REACHED. Method: GET, Email: dimassimeriem1512@gmail.com
[2026-02-11 16:04:15] RESET REACHED. Method: POST, Email: dimassimeriem1512@gmail.com
[2026-02-11 16:22:00] REQUEST RESET for: dimassimeriem1512@gmail.com
[2026-02-11 16:22:02] RESET REACHED. Method: GET, Email: dimassimeriem1512@gmail.com
[2026-02-11 16:22:33] RESET REACHED. Method: POST, Email: dimassimeriem1512@gmail.com
[2026-02-11 16:22:51] RESET REACHED. Method: POST, Email: dimassimeriem1512@gmail.com
